PLINK v2.00a5.12 SSE4.2 (25 Jun 2024)
Options in effect:
  --maf 0.05
  --make-bed
  --out plink_input/example_data_maf05
  --psam plink_input/example_data.fam
  --vcf plink_input/example_data.vcf

Hostname: Mikes-MacBook-Pro.local
Working directory: /Users/mikesaint-antoine/Desktop/gwas_workshop
Start time: Fri Jul 25 22:08:42 2025

Random number seed: 1753495722
16384 MiB RAM detected; reserving 8192 MiB for main workspace.
Using up to 8 compute threads.
--vcf: 48752 variants scanned.
--vcf: plink_input/example_data_maf05-temporary.pgen +
plink_input/example_data_maf05-temporary.pvar.zst written.
200 samples (0 females, 0 males, 200 ambiguous; 200 founders) loaded from
plink_input/example_data.fam.
48752 variants loaded from plink_input/example_data_maf05-temporary.pvar.zst.
1 binary phenotype loaded (100 cases, 100 controls).
Calculating allele frequencies... done.
4844 variants removed due to allele frequency threshold(s)
(--maf/--max-maf/--mac/--max-mac).
43908 variants remaining after main filters.
Writing plink_input/example_data_maf05.fam ... done.
Writing plink_input/example_data_maf05.bim ... done.
Writing plink_input/example_data_maf05.bed ... done.

End time: Fri Jul 25 22:08:42 2025
